CRITICAL - 2024-03-06 20:15:29 --> Unable to save the image. Please make sure the image and file directory are writable.
in SYSTEMPATH/Images/Handlers/GDHandler.php on line 251.
 1 SYSTEMPATH/Images/Handlers/GDHandler.php(251): CodeIgniter\Images\Exceptions\ImageException::forSaveFailed()
 2 APPPATH/Controllers/Admin/Secciones.php(199): CodeIgniter\Images\Handlers\GDHandler->save('FCPATH/themes/gstore/assets/img/secciones//636fac15a78fc00672bacf17792a591cportada.jpg')
 3 APPPATH/Controllers/Admin/Secciones.php(84): App\Controllers\Admin\Secciones->saveImage(Object(CodeIgniter\HTTP\Files\UploadedFile), 'FCPATH/themes/gstore/assets/img/secciones//636fac15a78fc00672bacf17792a591cportada.jpg', 1920, 700, 2)
 4 SYSTEMPATH/CodeIgniter.php(927): App\Controllers\Admin\Secciones->save('1')
 5 SYSTEMPATH/CodeIgniter.php(482): CodeIgniter\CodeIgniter->runController(Object(App\Controllers\Admin\Secciones))
 6 SYSTEMPATH/CodeIgniter.php(351): CodeIgniter\CodeIgniter->handleRequest(null, Object(Config\Cache), false)
 7 FCPATH/index.php(67): CodeIgniter\CodeIgniter->run()
CRITICAL - 2024-03-06 20:15:42 --> Unable to save the image. Please make sure the image and file directory are writable.
in SYSTEMPATH/Images/Handlers/GDHandler.php on line 251.
 1 SYSTEMPATH/Images/Handlers/GDHandler.php(251): CodeIgniter\Images\Exceptions\ImageException::forSaveFailed()
 2 APPPATH/Controllers/Admin/Secciones.php(199): CodeIgniter\Images\Handlers\GDHandler->save('FCPATH/themes/gstore/assets/img/secciones//c8799eb0a503f8da50ef89199997ca15portada.jpg')
 3 APPPATH/Controllers/Admin/Secciones.php(84): App\Controllers\Admin\Secciones->saveImage(Object(CodeIgniter\HTTP\Files\UploadedFile), 'FCPATH/themes/gstore/assets/img/secciones//c8799eb0a503f8da50ef89199997ca15portada.jpg', 1920, 700, 2)
 4 SYSTEMPATH/CodeIgniter.php(927): App\Controllers\Admin\Secciones->save('1')
 5 SYSTEMPATH/CodeIgniter.php(482): CodeIgniter\CodeIgniter->runController(Object(App\Controllers\Admin\Secciones))
 6 SYSTEMPATH/CodeIgniter.php(351): CodeIgniter\CodeIgniter->handleRequest(null, Object(Config\Cache), false)
 7 FCPATH/index.php(67): CodeIgniter\CodeIgniter->run()
CRITICAL - 2024-03-06 20:17:14 --> Unable to save the image. Please make sure the image and file directory are writable.
in SYSTEMPATH/Images/Handlers/GDHandler.php on line 251.
 1 SYSTEMPATH/Images/Handlers/GDHandler.php(251): CodeIgniter\Images\Exceptions\ImageException::forSaveFailed()
 2 APPPATH/Controllers/Admin/Secciones.php(199): CodeIgniter\Images\Handlers\GDHandler->save('FCPATH/themes/gstore/assets/img/secciones/9bd0211a80f290bb9bd39114577f975aportada.jpg')
 3 APPPATH/Controllers/Admin/Secciones.php(84): App\Controllers\Admin\Secciones->saveImage(Object(CodeIgniter\HTTP\Files\UploadedFile), 'FCPATH/themes/gstore/assets/img/secciones/9bd0211a80f290bb9bd39114577f975aportada.jpg', 1920, 700, 2)
 4 SYSTEMPATH/CodeIgniter.php(927): App\Controllers\Admin\Secciones->save('1')
 5 SYSTEMPATH/CodeIgniter.php(482): CodeIgniter\CodeIgniter->runController(Object(App\Controllers\Admin\Secciones))
 6 SYSTEMPATH/CodeIgniter.php(351): CodeIgniter\CodeIgniter->handleRequest(null, Object(Config\Cache), false)
 7 FCPATH/index.php(67): CodeIgniter\CodeIgniter->run()
CRITICAL - 2024-03-06 20:19:05 --> Unable to save the image. Please make sure the image and file directory are writable.
in SYSTEMPATH/Images/Handlers/GDHandler.php on line 251.
 1 SYSTEMPATH/Images/Handlers/GDHandler.php(251): CodeIgniter\Images\Exceptions\ImageException::forSaveFailed()
 2 APPPATH/Controllers/Admin/Secciones.php(199): CodeIgniter\Images\Handlers\GDHandler->save('FCPATH/public/themes/gstore/assets/img/secciones/7d7dcacbd6ba1b4124e1814bdf7bf2c8portada.jpg')
 3 APPPATH/Controllers/Admin/Secciones.php(84): App\Controllers\Admin\Secciones->saveImage(Object(CodeIgniter\HTTP\Files\UploadedFile), 'FCPATH/public/themes/gstore/assets/img/secciones/7d7dcacbd6ba1b4124e1814bdf7bf2c8portada.jpg', 1920, 700, 2)
 4 SYSTEMPATH/CodeIgniter.php(927): App\Controllers\Admin\Secciones->save('1')
 5 SYSTEMPATH/CodeIgniter.php(482): CodeIgniter\CodeIgniter->runController(Object(App\Controllers\Admin\Secciones))
 6 SYSTEMPATH/CodeIgniter.php(351): CodeIgniter\CodeIgniter->handleRequest(null, Object(Config\Cache), false)
 7 FCPATH/index.php(67): CodeIgniter\CodeIgniter->run()
CRITICAL - 2024-03-06 20:20:02 --> Undefined class constant 'self::WS'
in SYSTEMPATH/CodeIgniter.php on line 889.
 1 SYSTEMPATH/CodeIgniter.php(473): CodeIgniter\CodeIgniter->createController()
 2 SYSTEMPATH/CodeIgniter.php(351): CodeIgniter\CodeIgniter->handleRequest(null, Object(Config\Cache), false)
 3 FCPATH/index.php(67): CodeIgniter\CodeIgniter->run()
CRITICAL - 2024-03-06 20:34:06 --> Undefined variable: id
in APPPATH/Views/secciones/catalogo.php on line 1.
 1 APPPATH/Views/secciones/catalogo.php(1): CodeIgniter\Debug\Exceptions->errorHandler(8, 'Undefined variable: id', 'APPPATH/Views/secciones/catalogo.php', 1, [...])
 2 SYSTEMPATH/View/View.php(213): include('APPPATH/Views/secciones/catalogo.php')
 3 SYSTEMPATH/View/View.php(216): CodeIgniter\View\View->CodeIgniter\View\{closure}()
 4 SYSTEMPATH/Common.php(1134): CodeIgniter\View\View->render('secciones/catalogo', [], true)
 5 APPPATH/Views/suplementos/catalogo.php(14): view('secciones/catalogo', [...])
 6 SYSTEMPATH/View/View.php(213): include('APPPATH/Views/suplementos/catalogo.php')
 7 SYSTEMPATH/View/View.php(216): CodeIgniter\View\View->CodeIgniter\View\{closure}()
 8 SYSTEMPATH/Common.php(1134): CodeIgniter\View\View->render('suplementos/catalogo', [], true)
 9 APPPATH/Controllers/Productos.php(37): view('suplementos/catalogo', [...])
10 SYSTEMPATH/CodeIgniter.php(927): App\Controllers\Productos->marca('grandes-suplementos')
11 SYSTEMPATH/CodeIgniter.php(482): CodeIgniter\CodeIgniter->runController(Object(App\Controllers\Productos))
12 SYSTEMPATH/CodeIgniter.php(351): CodeIgniter\CodeIgniter->handleRequest(null, Object(Config\Cache), false)
13 FCPATH/index.php(67): CodeIgniter\CodeIgniter->run()
CRITICAL - 2024-03-06 20:40:57 --> Undefined variable: cotenido
in APPPATH/Views/secciones/cards.php on line 4.
 1 APPPATH/Views/secciones/cards.php(4): CodeIgniter\Debug\Exceptions->errorHandler(8, 'Undefined variable: cotenido', 'APPPATH/Views/secciones/cards.php', 4, [...])
 2 SYSTEMPATH/View/View.php(213): include('APPPATH/Views/secciones/cards.php')
 3 SYSTEMPATH/View/View.php(216): CodeIgniter\View\View->CodeIgniter\View\{closure}()
 4 SYSTEMPATH/Common.php(1134): CodeIgniter\View\View->render('secciones/cards', [], true)
 5 APPPATH/Views/secciones/seccion_background.php(10): view('secciones/cards', [...])
 6 SYSTEMPATH/View/View.php(213): include('APPPATH/Views/secciones/seccion_background.php')
 7 SYSTEMPATH/View/View.php(216): CodeIgniter\View\View->CodeIgniter\View\{closure}()
 8 SYSTEMPATH/Common.php(1134): CodeIgniter\View\View->render('secciones/seccion_background', [], true)
 9 APPPATH/Views/gstore/pagina_estatica.php(51): view('secciones/seccion_background', [...])
10 SYSTEMPATH/View/View.php(213): include('APPPATH/Views/gstore/pagina_estatica.php')
11 SYSTEMPATH/View/View.php(216): CodeIgniter\View\View->CodeIgniter\View\{closure}()
12 SYSTEMPATH/Common.php(1134): CodeIgniter\View\View->render('gstore/pagina_estatica', [], true)
13 APPPATH/Controllers/Paginas.php(37): view('gstore/pagina_estatica', [...])
14 SYSTEMPATH/CodeIgniter.php(927): App\Controllers\Paginas->index('inicio')
15 SYSTEMPATH/CodeIgniter.php(482): CodeIgniter\CodeIgniter->runController(Object(App\Controllers\Paginas))
16 SYSTEMPATH/CodeIgniter.php(351): CodeIgniter\CodeIgniter->handleRequest(null, Object(Config\Cache), false)
17 FCPATH/index.php(67): CodeIgniter\CodeIgniter->run()
ERROR - 2024-03-06 21:32:28 --> mysqli_sql_exception: You have an error in your SQL syntax; check the manual that corresponds to your MySQL server version for the right syntax to use near '/p>)' at line 6 in /Applications/mamp/htdocs/gstore/system/Database/MySQLi/Connection.php:292
Stack trace:
#0 /Applications/mamp/htdocs/gstore/system/Database/MySQLi/Connection.php(292): mysqli->query('SELECT `product...', 0)
#1 /Applications/mamp/htdocs/gstore/system/Database/BaseConnection.php(666): CodeIgniter\Database\MySQLi\Connection->execute('SELECT `product...')
#2 /Applications/mamp/htdocs/gstore/system/Database/BaseConnection.php(593): CodeIgniter\Database\BaseConnection->simpleQuery('SELECT `product...')
#3 /Applications/mamp/htdocs/gstore/system/Database/BaseBuilder.php(1585): CodeIgniter\Database\BaseConnection->query('SELECT `product...', Array, false)
#4 /Applications/mamp/htdocs/gstore/system/Model.php(772): CodeIgniter\Database\BaseBuilder->get()
#5 /Applications/mamp/htdocs/gstore/app/Controllers/Paginas.php(65): CodeIgniter\Model->__call('get', Array)
#6 /Applications/mamp/htdocs/gstore/app/Controllers/Paginas.php(30): App\Controllers\Paginas->setContenido(Array)
#7 /Applications/mamp/htdocs/gstore/system/CodeIgniter.php(927): App\Controllers\Paginas->index('inicio')
#8 /Applications/mamp/htdocs/gstore/system/CodeIgniter.php(482): CodeIgniter\CodeIgniter->runController(Object(App\Controllers\Paginas))
#9 /Applications/mamp/htdocs/gstore/system/CodeIgniter.php(351): CodeIgniter\CodeIgniter->handleRequest(NULL, Object(Config\Cache), false)
#10 /Applications/mamp/htdocs/gstore/index.php(67): CodeIgniter\CodeIgniter->run()
#11 {main}
CRITICAL - 2024-03-06 21:32:28 --> You have an error in your SQL syntax; check the manual that corresponds to your MySQL server version for the right syntax to use near '/p>)' at line 6
in SYSTEMPATH/Database/MySQLi/Connection.php on line 292.
 1 SYSTEMPATH/Database/MySQLi/Connection.php(292): mysqli->query('SELECT `productos`.*, `marcas`.`nombre` as `marca`, `marcas`.`url` as `marca_url`, `categorias_productos`.`nombre` as `categoria`, `categorias_productos`.`url` as `cat_url`
FROM `productos`
LEFT JOIN `marcas` ON `productos`.`marca`=`marcas`.`id`
INNER JOIN `categorias_productos` ON `productos`.`id_categoria`=`categorias_productos`.`id`
WHERE `productos`.`estado` = 1
AND exists (Select * from productos_etiqueta where id_producto = `productos`.`id` and `id_etiqueta` = 4</p>)', 0)
 2 SYSTEMPATH/Database/BaseConnection.php(666): CodeIgniter\Database\MySQLi\Connection->execute('SELECT `productos`.*, `marcas`.`nombre` as `marca`, `marcas`.`url` as `marca_url`, `categorias_productos`.`nombre` as `categoria`, `categorias_productos`.`url` as `cat_url`
FROM `productos`
LEFT JOIN `marcas` ON `productos`.`marca`=`marcas`.`id`
INNER JOIN `categorias_productos` ON `productos`.`id_categoria`=`categorias_productos`.`id`
WHERE `productos`.`estado` = 1
AND exists (Select * from productos_etiqueta where id_producto = `productos`.`id` and `id_etiqueta` = 4</p>)')
 3 SYSTEMPATH/Database/BaseConnection.php(593): CodeIgniter\Database\BaseConnection->simpleQuery('SELECT `productos`.*, `marcas`.`nombre` as `marca`, `marcas`.`url` as `marca_url`, `categorias_productos`.`nombre` as `categoria`, `categorias_productos`.`url` as `cat_url`
FROM `productos`
LEFT JOIN `marcas` ON `productos`.`marca`=`marcas`.`id`
INNER JOIN `categorias_productos` ON `productos`.`id_categoria`=`categorias_productos`.`id`
WHERE `productos`.`estado` = 1
AND exists (Select * from productos_etiqueta where id_producto = `productos`.`id` and `id_etiqueta` = 4</p>)')
 4 SYSTEMPATH/Database/BaseBuilder.php(1585): CodeIgniter\Database\BaseConnection->query('SELECT `productos`.*, `marcas`.`nombre` as `marca`, `marcas`.`url` as `marca_url`, `categorias_productos`.`nombre` as `categoria`, `categorias_productos`.`url` as `cat_url`
FROM `productos`
LEFT JOIN `marcas` ON `productos`.`marca`=`marcas`.`id`
INNER JOIN `categorias_productos` ON `productos`.`id_categoria`=`categorias_productos`.`id`
WHERE `productos`.`estado` = :productos.estado:
AND exists (Select * from productos_etiqueta where id_producto = `productos`.`id` and `id_etiqueta` = 4</p>)', [...], false)
 5 SYSTEMPATH/Model.php(772): CodeIgniter\Database\BaseBuilder->get()
 6 APPPATH/Controllers/Paginas.php(65): CodeIgniter\Model->__call('get', [])
 7 APPPATH/Controllers/Paginas.php(30): App\Controllers\Paginas->setContenido([...])
 8 SYSTEMPATH/CodeIgniter.php(927): App\Controllers\Paginas->index('inicio')
 9 SYSTEMPATH/CodeIgniter.php(482): CodeIgniter\CodeIgniter->runController(Object(App\Controllers\Paginas))
10 SYSTEMPATH/CodeIgniter.php(351): CodeIgniter\CodeIgniter->handleRequest(null, Object(Config\Cache), false)
11 FCPATH/index.php(67): CodeIgniter\CodeIgniter->run()
CRITICAL - 2024-03-06 21:33:16 --> Illegal offset type
in APPPATH/Controllers/Paginas.php on line 63.
 1 APPPATH/Controllers/Paginas.php(63): CodeIgniter\Debug\Exceptions->errorHandler(2, 'Illegal offset type', 'APPPATH/Controllers/Paginas.php', 63, [...])
 2 APPPATH/Controllers/Paginas.php(30): App\Controllers\Paginas->setContenido([...])
 3 SYSTEMPATH/CodeIgniter.php(927): App\Controllers\Paginas->index('inicio')
 4 SYSTEMPATH/CodeIgniter.php(482): CodeIgniter\CodeIgniter->runController(Object(App\Controllers\Paginas))
 5 SYSTEMPATH/CodeIgniter.php(351): CodeIgniter\CodeIgniter->handleRequest(null, Object(Config\Cache), false)
 6 FCPATH/index.php(67): CodeIgniter\CodeIgniter->run()
CRITICAL - 2024-03-06 21:34:21 --> Call to a member function getResult() on null
in APPPATH/Controllers/Paginas.php on line 63.
 1 APPPATH/Controllers/Paginas.php(30): App\Controllers\Paginas->setContenido([...])
 2 SYSTEMPATH/CodeIgniter.php(927): App\Controllers\Paginas->index('inicio')
 3 SYSTEMPATH/CodeIgniter.php(482): CodeIgniter\CodeIgniter->runController(Object(App\Controllers\Paginas))
 4 SYSTEMPATH/CodeIgniter.php(351): CodeIgniter\CodeIgniter->handleRequest(null, Object(Config\Cache), false)
 5 FCPATH/index.php(67): CodeIgniter\CodeIgniter->run()
CRITICAL - 2024-03-06 21:35:22 --> Call to a member function getResult() on null
in APPPATH/Controllers/Paginas.php on line 64.
 1 APPPATH/Controllers/Paginas.php(30): App\Controllers\Paginas->setContenido([...])
 2 SYSTEMPATH/CodeIgniter.php(927): App\Controllers\Paginas->index('inicio')
 3 SYSTEMPATH/CodeIgniter.php(482): CodeIgniter\CodeIgniter->runController(Object(App\Controllers\Paginas))
 4 SYSTEMPATH/CodeIgniter.php(351): CodeIgniter\CodeIgniter->handleRequest(null, Object(Config\Cache), false)
 5 FCPATH/index.php(67): CodeIgniter\CodeIgniter->run()
ERROR - 2024-03-06 21:35:53 --> mysqli_sql_exception: Unknown column 'productos.categoria' in 'where clause' in /Applications/mamp/htdocs/gstore/system/Database/MySQLi/Connection.php:292
Stack trace:
#0 /Applications/mamp/htdocs/gstore/system/Database/MySQLi/Connection.php(292): mysqli->query('SELECT `product...', 0)
#1 /Applications/mamp/htdocs/gstore/system/Database/BaseConnection.php(666): CodeIgniter\Database\MySQLi\Connection->execute('SELECT `product...')
#2 /Applications/mamp/htdocs/gstore/system/Database/BaseConnection.php(593): CodeIgniter\Database\BaseConnection->simpleQuery('SELECT `product...')
#3 /Applications/mamp/htdocs/gstore/system/Database/BaseBuilder.php(1585): CodeIgniter\Database\BaseConnection->query('SELECT `product...', Array, false)
#4 /Applications/mamp/htdocs/gstore/system/Model.php(772): CodeIgniter\Database\BaseBuilder->get()
#5 /Applications/mamp/htdocs/gstore/app/Controllers/Paginas.php(64): CodeIgniter\Model->__call('get', Array)
#6 /Applications/mamp/htdocs/gstore/app/Controllers/Paginas.php(30): App\Controllers\Paginas->setContenido(Array)
#7 /Applications/mamp/htdocs/gstore/system/CodeIgniter.php(927): App\Controllers\Paginas->index('inicio')
#8 /Applications/mamp/htdocs/gstore/system/CodeIgniter.php(482): CodeIgniter\CodeIgniter->runController(Object(App\Controllers\Paginas))
#9 /Applications/mamp/htdocs/gstore/system/CodeIgniter.php(351): CodeIgniter\CodeIgniter->handleRequest(NULL, Object(Config\Cache), false)
#10 /Applications/mamp/htdocs/gstore/index.php(67): CodeIgniter\CodeIgniter->run()
#11 {main}
CRITICAL - 2024-03-06 21:35:53 --> Unknown column 'productos.categoria' in 'where clause'
in SYSTEMPATH/Database/MySQLi/Connection.php on line 292.
 1 SYSTEMPATH/Database/MySQLi/Connection.php(292): mysqli->query('SELECT `productos`.*, `marcas`.`nombre` as `marca`, `marcas`.`url` as `marca_url`, `categorias_productos`.`nombre` as `categoria`, `categorias_productos`.`url` as `cat_url`
FROM `productos`
LEFT JOIN `marcas` ON `productos`.`marca`=`marcas`.`id`
INNER JOIN `categorias_productos` ON `productos`.`id_categoria`=`categorias_productos`.`id`
WHERE `productos`.`estado` = 1
AND `productos`.`categoria` = \'4\'', 0)
 2 SYSTEMPATH/Database/BaseConnection.php(666): CodeIgniter\Database\MySQLi\Connection->execute('SELECT `productos`.*, `marcas`.`nombre` as `marca`, `marcas`.`url` as `marca_url`, `categorias_productos`.`nombre` as `categoria`, `categorias_productos`.`url` as `cat_url`
FROM `productos`
LEFT JOIN `marcas` ON `productos`.`marca`=`marcas`.`id`
INNER JOIN `categorias_productos` ON `productos`.`id_categoria`=`categorias_productos`.`id`
WHERE `productos`.`estado` = 1
AND `productos`.`categoria` = \'4\'')
 3 SYSTEMPATH/Database/BaseConnection.php(593): CodeIgniter\Database\BaseConnection->simpleQuery('SELECT `productos`.*, `marcas`.`nombre` as `marca`, `marcas`.`url` as `marca_url`, `categorias_productos`.`nombre` as `categoria`, `categorias_productos`.`url` as `cat_url`
FROM `productos`
LEFT JOIN `marcas` ON `productos`.`marca`=`marcas`.`id`
INNER JOIN `categorias_productos` ON `productos`.`id_categoria`=`categorias_productos`.`id`
WHERE `productos`.`estado` = 1
AND `productos`.`categoria` = \'4\'')
 4 SYSTEMPATH/Database/BaseBuilder.php(1585): CodeIgniter\Database\BaseConnection->query('SELECT `productos`.*, `marcas`.`nombre` as `marca`, `marcas`.`url` as `marca_url`, `categorias_productos`.`nombre` as `categoria`, `categorias_productos`.`url` as `cat_url`
FROM `productos`
LEFT JOIN `marcas` ON `productos`.`marca`=`marcas`.`id`
INNER JOIN `categorias_productos` ON `productos`.`id_categoria`=`categorias_productos`.`id`
WHERE `productos`.`estado` = :productos.estado:
AND `productos`.`categoria` = :productos.categoria:', [...], false)
 5 SYSTEMPATH/Model.php(772): CodeIgniter\Database\BaseBuilder->get()
 6 APPPATH/Controllers/Paginas.php(64): CodeIgniter\Model->__call('get', [])
 7 APPPATH/Controllers/Paginas.php(30): App\Controllers\Paginas->setContenido([...])
 8 SYSTEMPATH/CodeIgniter.php(927): App\Controllers\Paginas->index('inicio')
 9 SYSTEMPATH/CodeIgniter.php(482): CodeIgniter\CodeIgniter->runController(Object(App\Controllers\Paginas))
10 SYSTEMPATH/CodeIgniter.php(351): CodeIgniter\CodeIgniter->handleRequest(null, Object(Config\Cache), false)
11 FCPATH/index.php(67): CodeIgniter\CodeIgniter->run()
