ERROR - 2024-03-05 12:12:53 --> mysqli_sql_exception: Cannot delete or update a parent row: a foreign key constraint fails (`db_gstore`.`productos`, CONSTRAINT `productos_ibfk_1` FOREIGN KEY (`id_categoria`) REFERENCES `categorias_productos` (`id`)) in /Applications/mamp/htdocs/gstore/system/Database/MySQLi/Connection.php:292
Stack trace:
#0 /Applications/mamp/htdocs/gstore/system/Database/MySQLi/Connection.php(292): mysqli->query('DELETE FROM `ca...', 0)
#1 /Applications/mamp/htdocs/gstore/system/Database/BaseConnection.php(666): CodeIgniter\Database\MySQLi\Connection->execute('DELETE FROM `ca...')
#2 /Applications/mamp/htdocs/gstore/system/Database/BaseConnection.php(593): CodeIgniter\Database\BaseConnection->simpleQuery('DELETE FROM `ca...')
#3 /Applications/mamp/htdocs/gstore/system/Database/BaseBuilder.php(2391): CodeIgniter\Database\BaseConnection->query('DELETE FROM `ca...', Array, false)
#4 /Applications/mamp/htdocs/gstore/system/Model.php(401): CodeIgniter\Database\BaseBuilder->delete()
#5 /Applications/mamp/htdocs/gstore/system/BaseModel.php(984): CodeIgniter\Model->doDelete(Array, false)
#6 /Applications/mamp/htdocs/gstore/app/Controllers/Admin/CategoriasProductos.php(163): CodeIgniter\BaseModel->delete(Array)
#7 /Applications/mamp/htdocs/gstore/system/CodeIgniter.php(927): App\Controllers\Admin\CategoriasProductos->delete('1')
#8 /Applications/mamp/htdocs/gstore/system/CodeIgniter.php(482): CodeIgniter\CodeIgniter->runController(Object(App\Controllers\Admin\CategoriasProductos))
#9 /Applications/mamp/htdocs/gstore/system/CodeIgniter.php(351): CodeIgniter\CodeIgniter->handleRequest(NULL, Object(Config\Cache), false)
#10 /Applications/mamp/htdocs/gstore/index.php(67): CodeIgniter\CodeIgniter->run()
#11 {main}
CRITICAL - 2024-03-05 12:12:53 --> Cannot delete or update a parent row: a foreign key constraint fails (`db_gstore`.`productos`, CONSTRAINT `productos_ibfk_1` FOREIGN KEY (`id_categoria`) REFERENCES `categorias_productos` (`id`))
in SYSTEMPATH/Database/MySQLi/Connection.php on line 292.
 1 SYSTEMPATH/Database/MySQLi/Connection.php(292): mysqli->query('DELETE FROM `categorias_productos`
WHERE `id` IN (\'1\')', 0)
 2 SYSTEMPATH/Database/BaseConnection.php(666): CodeIgniter\Database\MySQLi\Connection->execute('DELETE FROM `categorias_productos`
WHERE `id` IN (\'1\')')
 3 SYSTEMPATH/Database/BaseConnection.php(593): CodeIgniter\Database\BaseConnection->simpleQuery('DELETE FROM `categorias_productos`
WHERE `id` IN (\'1\')')
 4 SYSTEMPATH/Database/BaseBuilder.php(2391): CodeIgniter\Database\BaseConnection->query('DELETE FROM `categorias_productos`
WHERE `id` IN :id:', [...], false)
 5 SYSTEMPATH/Model.php(401): CodeIgniter\Database\BaseBuilder->delete()
 6 SYSTEMPATH/BaseModel.php(984): CodeIgniter\Model->doDelete([...], false)
 7 APPPATH/Controllers/Admin/CategoriasProductos.php(163): CodeIgniter\BaseModel->delete([...])
 8 SYSTEMPATH/CodeIgniter.php(927): App\Controllers\Admin\CategoriasProductos->delete('1')
 9 SYSTEMPATH/CodeIgniter.php(482): CodeIgniter\CodeIgniter->runController(Object(App\Controllers\Admin\CategoriasProductos))
10 SYSTEMPATH/CodeIgniter.php(351): CodeIgniter\CodeIgniter->handleRequest(null, Object(Config\Cache), false)
11 FCPATH/index.php(67): CodeIgniter\CodeIgniter->run()
ERROR - 2024-03-05 12:15:06 --> mysqli_sql_exception: Cannot delete or update a parent row: a foreign key constraint fails (`db_gstore`.`productos`, CONSTRAINT `productos_ibfk_1` FOREIGN KEY (`id_categoria`) REFERENCES `categorias_productos` (`id`)) in /Applications/mamp/htdocs/gstore/system/Database/MySQLi/Connection.php:292
Stack trace:
#0 /Applications/mamp/htdocs/gstore/system/Database/MySQLi/Connection.php(292): mysqli->query('DELETE FROM `ca...', 0)
#1 /Applications/mamp/htdocs/gstore/system/Database/BaseConnection.php(666): CodeIgniter\Database\MySQLi\Connection->execute('DELETE FROM `ca...')
#2 /Applications/mamp/htdocs/gstore/system/Database/BaseConnection.php(593): CodeIgniter\Database\BaseConnection->simpleQuery('DELETE FROM `ca...')
#3 /Applications/mamp/htdocs/gstore/system/Database/BaseBuilder.php(2391): CodeIgniter\Database\BaseConnection->query('DELETE FROM `ca...', Array, false)
#4 /Applications/mamp/htdocs/gstore/system/Model.php(401): CodeIgniter\Database\BaseBuilder->delete()
#5 /Applications/mamp/htdocs/gstore/system/BaseModel.php(984): CodeIgniter\Model->doDelete(Array, false)
#6 /Applications/mamp/htdocs/gstore/app/Controllers/Admin/CategoriasProductos.php(163): CodeIgniter\BaseModel->delete(Array)
#7 /Applications/mamp/htdocs/gstore/system/CodeIgniter.php(927): App\Controllers\Admin\CategoriasProductos->delete('1')
#8 /Applications/mamp/htdocs/gstore/system/CodeIgniter.php(482): CodeIgniter\CodeIgniter->runController(Object(App\Controllers\Admin\CategoriasProductos))
#9 /Applications/mamp/htdocs/gstore/system/CodeIgniter.php(351): CodeIgniter\CodeIgniter->handleRequest(NULL, Object(Config\Cache), false)
#10 /Applications/mamp/htdocs/gstore/index.php(67): CodeIgniter\CodeIgniter->run()
#11 {main}
CRITICAL - 2024-03-05 12:15:06 --> Cannot delete or update a parent row: a foreign key constraint fails (`db_gstore`.`productos`, CONSTRAINT `productos_ibfk_1` FOREIGN KEY (`id_categoria`) REFERENCES `categorias_productos` (`id`))
in SYSTEMPATH/Database/MySQLi/Connection.php on line 292.
 1 SYSTEMPATH/Database/MySQLi/Connection.php(292): mysqli->query('DELETE FROM `categorias_productos`
WHERE `id` IN (\'1\')', 0)
 2 SYSTEMPATH/Database/BaseConnection.php(666): CodeIgniter\Database\MySQLi\Connection->execute('DELETE FROM `categorias_productos`
WHERE `id` IN (\'1\')')
 3 SYSTEMPATH/Database/BaseConnection.php(593): CodeIgniter\Database\BaseConnection->simpleQuery('DELETE FROM `categorias_productos`
WHERE `id` IN (\'1\')')
 4 SYSTEMPATH/Database/BaseBuilder.php(2391): CodeIgniter\Database\BaseConnection->query('DELETE FROM `categorias_productos`
WHERE `id` IN :id:', [...], false)
 5 SYSTEMPATH/Model.php(401): CodeIgniter\Database\BaseBuilder->delete()
 6 SYSTEMPATH/BaseModel.php(984): CodeIgniter\Model->doDelete([...], false)
 7 APPPATH/Controllers/Admin/CategoriasProductos.php(163): CodeIgniter\BaseModel->delete([...])
 8 SYSTEMPATH/CodeIgniter.php(927): App\Controllers\Admin\CategoriasProductos->delete('1')
 9 SYSTEMPATH/CodeIgniter.php(482): CodeIgniter\CodeIgniter->runController(Object(App\Controllers\Admin\CategoriasProductos))
10 SYSTEMPATH/CodeIgniter.php(351): CodeIgniter\CodeIgniter->handleRequest(null, Object(Config\Cache), false)
11 FCPATH/index.php(67): CodeIgniter\CodeIgniter->run()
CRITICAL - 2024-03-05 18:57:14 --> Undefined index: url
in APPPATH/Views/admin/noticias/index.php on line 55.
 1 APPPATH/Views/admin/noticias/index.php(55): CodeIgniter\Debug\Exceptions->errorHandler(8, 'Undefined index: url', 'APPPATH/Views/admin/noticias/index.php', 55, [...])
 2 SYSTEMPATH/View/View.php(213): include('APPPATH/Views/admin/noticias/index.php')
 3 SYSTEMPATH/View/View.php(216): CodeIgniter\View\View->CodeIgniter\View\{closure}()
 4 SYSTEMPATH/Common.php(1134): CodeIgniter\View\View->render('admin/noticias/index', [], true)
 5 APPPATH/Controllers/Admin/Noticias.php(39): view('admin/noticias/index', [...])
 6 SYSTEMPATH/CodeIgniter.php(927): App\Controllers\Admin\Noticias->index()
 7 SYSTEMPATH/CodeIgniter.php(482): CodeIgniter\CodeIgniter->runController(Object(App\Controllers\Admin\Noticias))
 8 SYSTEMPATH/CodeIgniter.php(351): CodeIgniter\CodeIgniter->handleRequest(null, Object(Config\Cache), false)
 9 FCPATH/index.php(67): CodeIgniter\CodeIgniter->run()
CRITICAL - 2024-03-05 18:58:07 --> Trying to access array offset on value of type null
in APPPATH/Views/admin/categoriasProductos/edit.php on line 33.
 1 APPPATH/Views/admin/categoriasProductos/edit.php(33): CodeIgniter\Debug\Exceptions->errorHandler(8, 'Trying to access array offset on value of type null', 'APPPATH/Views/admin/categoriasProductos/edit.php', 33, [...])
 2 SYSTEMPATH/View/View.php(213): include('APPPATH/Views/admin/categoriasProductos/edit.php')
 3 SYSTEMPATH/View/View.php(216): CodeIgniter\View\View->CodeIgniter\View\{closure}()
 4 SYSTEMPATH/Common.php(1134): CodeIgniter\View\View->render('admin/categoriasProductos/edit', [], true)
 5 APPPATH/Controllers/Admin/CategoriasProductos.php(100): view('admin/categoriasProductos/edit', [...])
 6 SYSTEMPATH/CodeIgniter.php(927): App\Controllers\Admin\CategoriasProductos->edit('2')
 7 SYSTEMPATH/CodeIgniter.php(482): CodeIgniter\CodeIgniter->runController(Object(App\Controllers\Admin\CategoriasProductos))
 8 SYSTEMPATH/CodeIgniter.php(351): CodeIgniter\CodeIgniter->handleRequest(null, Object(Config\Cache), false)
 9 FCPATH/index.php(67): CodeIgniter\CodeIgniter->run()
CRITICAL - 2024-03-05 19:01:53 --> Trying to access array offset on value of type null
in APPPATH/Views/admin/categoriasProductos/edit.php on line 33.
 1 APPPATH/Views/admin/categoriasProductos/edit.php(33): CodeIgniter\Debug\Exceptions->errorHandler(8, 'Trying to access array offset on value of type null', 'APPPATH/Views/admin/categoriasProductos/edit.php', 33, [...])
 2 SYSTEMPATH/View/View.php(213): include('APPPATH/Views/admin/categoriasProductos/edit.php')
 3 SYSTEMPATH/View/View.php(216): CodeIgniter\View\View->CodeIgniter\View\{closure}()
 4 SYSTEMPATH/Common.php(1134): CodeIgniter\View\View->render('admin/categoriasProductos/edit', [], true)
 5 APPPATH/Controllers/Admin/CategoriasProductos.php(100): view('admin/categoriasProductos/edit', [...])
 6 SYSTEMPATH/CodeIgniter.php(927): App\Controllers\Admin\CategoriasProductos->edit('2')
 7 SYSTEMPATH/CodeIgniter.php(482): CodeIgniter\CodeIgniter->runController(Object(App\Controllers\Admin\CategoriasProductos))
 8 SYSTEMPATH/CodeIgniter.php(351): CodeIgniter\CodeIgniter->handleRequest(null, Object(Config\Cache), false)
 9 FCPATH/index.php(67): CodeIgniter\CodeIgniter->run()
