CRITICAL - 2024-05-16 21:48:22 --> count(): Parameter must be an array or an object that implements Countable
in APPPATH/Controllers/Productos.php on line 122.
 1 [internal function]: CodeIgniter\Debug\Exceptions->errorHandler(2, 'count(): Parameter must be an array or an object that implements Countable', 'APPPATH/Controllers/Productos.php', 122, [...])
 2 APPPATH/Controllers/Productos.php(122): count(true)
 3 SYSTEMPATH/CodeIgniter.php(927): App\Controllers\Productos->detalle('super-producto')
 4 SYSTEMPATH/CodeIgniter.php(482): CodeIgniter\CodeIgniter->runController(Object(App\Controllers\Productos))
 5 SYSTEMPATH/CodeIgniter.php(351): CodeIgniter\CodeIgniter->handleRequest(null, Object(Config\Cache), false)
 6 FCPATH/index.php(67): CodeIgniter\CodeIgniter->run()
CRITICAL - 2024-05-16 21:49:05 --> Undefined variable: cat
in APPPATH/Controllers/Productos.php on line 129.
 1 APPPATH/Controllers/Productos.php(129): CodeIgniter\Debug\Exceptions->errorHandler(8, 'Undefined variable: cat', 'APPPATH/Controllers/Productos.php', 129, [...])
 2 SYSTEMPATH/CodeIgniter.php(927): App\Controllers\Productos->detalle('img-cuadrado')
 3 SYSTEMPATH/CodeIgniter.php(482): CodeIgniter\CodeIgniter->runController(Object(App\Controllers\Productos))
 4 SYSTEMPATH/CodeIgniter.php(351): CodeIgniter\CodeIgniter->handleRequest(null, Object(Config\Cache), false)
 5 FCPATH/index.php(67): CodeIgniter\CodeIgniter->run()
CRITICAL - 2024-05-16 21:53:23 --> Undefined property: stdClass::$id_etiqueta
in APPPATH/Controllers/Productos.php on line 129.
 1 APPPATH/Controllers/Productos.php(129): CodeIgniter\Debug\Exceptions->errorHandler(8, 'Undefined property: stdClass::$id_etiqueta', 'APPPATH/Controllers/Productos.php', 129, [...])
 2 SYSTEMPATH/CodeIgniter.php(927): App\Controllers\Productos->detalle('producto-cuadrado')
 3 SYSTEMPATH/CodeIgniter.php(482): CodeIgniter\CodeIgniter->runController(Object(App\Controllers\Productos))
 4 SYSTEMPATH/CodeIgniter.php(351): CodeIgniter\CodeIgniter->handleRequest(null, Object(Config\Cache), false)
 5 FCPATH/index.php(67): CodeIgniter\CodeIgniter->run()
