ERROR - 2024-02-29 19:36:04 --> mysqli_sql_exception: Cannot delete or update a parent row: a foreign key constraint fails (`db_gstore`.`opciones_producto`, CONSTRAINT `opciones_producto_ibfk_1` FOREIGN KEY (`id_producto`) REFERENCES `productos` (`id`)) in /Applications/mamp/htdocs/gstore/system/Database/MySQLi/Connection.php:292
Stack trace:
#0 /Applications/mamp/htdocs/gstore/system/Database/MySQLi/Connection.php(292): mysqli->query('DELETE FROM `pr...', 0)
#1 /Applications/mamp/htdocs/gstore/system/Database/BaseConnection.php(666): CodeIgniter\Database\MySQLi\Connection->execute('DELETE FROM `pr...')
#2 /Applications/mamp/htdocs/gstore/system/Database/BaseConnection.php(593): CodeIgniter\Database\BaseConnection->simpleQuery('DELETE FROM `pr...')
#3 /Applications/mamp/htdocs/gstore/system/Database/BaseBuilder.php(2391): CodeIgniter\Database\BaseConnection->query('DELETE FROM `pr...', Array, false)
#4 /Applications/mamp/htdocs/gstore/system/Model.php(401): CodeIgniter\Database\BaseBuilder->delete()
#5 /Applications/mamp/htdocs/gstore/system/BaseModel.php(984): CodeIgniter\Model->doDelete(Array, false)
#6 /Applications/mamp/htdocs/gstore/app/Controllers/Admin/Productos.php(301): CodeIgniter\BaseModel->delete(Array)
#7 /Applications/mamp/htdocs/gstore/system/CodeIgniter.php(927): App\Controllers\Admin\Productos->delete('6')
#8 /Applications/mamp/htdocs/gstore/system/CodeIgniter.php(482): CodeIgniter\CodeIgniter->runController(Object(App\Controllers\Admin\Productos))
#9 /Applications/mamp/htdocs/gstore/system/CodeIgniter.php(351): CodeIgniter\CodeIgniter->handleRequest(NULL, Object(Config\Cache), false)
#10 /Applications/mamp/htdocs/gstore/index.php(67): CodeIgniter\CodeIgniter->run()
#11 {main}
CRITICAL - 2024-02-29 19:36:04 --> Cannot delete or update a parent row: a foreign key constraint fails (`db_gstore`.`opciones_producto`, CONSTRAINT `opciones_producto_ibfk_1` FOREIGN KEY (`id_producto`) REFERENCES `productos` (`id`))
in SYSTEMPATH/Database/MySQLi/Connection.php on line 292.
 1 SYSTEMPATH/Database/MySQLi/Connection.php(292): mysqli->query('DELETE FROM `productos`
WHERE `id` IN (\'6\')', 0)
 2 SYSTEMPATH/Database/BaseConnection.php(666): CodeIgniter\Database\MySQLi\Connection->execute('DELETE FROM `productos`
WHERE `id` IN (\'6\')')
 3 SYSTEMPATH/Database/BaseConnection.php(593): CodeIgniter\Database\BaseConnection->simpleQuery('DELETE FROM `productos`
WHERE `id` IN (\'6\')')
 4 SYSTEMPATH/Database/BaseBuilder.php(2391): CodeIgniter\Database\BaseConnection->query('DELETE FROM `productos`
WHERE `id` IN :id:', [...], false)
 5 SYSTEMPATH/Model.php(401): CodeIgniter\Database\BaseBuilder->delete()
 6 SYSTEMPATH/BaseModel.php(984): CodeIgniter\Model->doDelete([...], false)
 7 APPPATH/Controllers/Admin/Productos.php(301): CodeIgniter\BaseModel->delete([...])
 8 SYSTEMPATH/CodeIgniter.php(927): App\Controllers\Admin\Productos->delete('6')
 9 SYSTEMPATH/CodeIgniter.php(482): CodeIgniter\CodeIgniter->runController(Object(App\Controllers\Admin\Productos))
10 SYSTEMPATH/CodeIgniter.php(351): CodeIgniter\CodeIgniter->handleRequest(null, Object(Config\Cache), false)
11 FCPATH/index.php(67): CodeIgniter\CodeIgniter->run()
ERROR - 2024-02-29 19:37:35 --> mysqli_sql_exception: Cannot delete or update a parent row: a foreign key constraint fails (`db_gstore`.`productos_venta`, CONSTRAINT `productos_venta_ibfk_1` FOREIGN KEY (`id_opcion_pr`) REFERENCES `opciones_producto` (`id`)) in /Applications/mamp/htdocs/gstore/system/Database/MySQLi/Connection.php:292
Stack trace:
#0 /Applications/mamp/htdocs/gstore/system/Database/MySQLi/Connection.php(292): mysqli->query('DELETE FROM `op...', 0)
#1 /Applications/mamp/htdocs/gstore/system/Database/BaseConnection.php(666): CodeIgniter\Database\MySQLi\Connection->execute('DELETE FROM `op...')
#2 /Applications/mamp/htdocs/gstore/system/Database/BaseConnection.php(593): CodeIgniter\Database\BaseConnection->simpleQuery('DELETE FROM `op...')
#3 /Applications/mamp/htdocs/gstore/system/Database/BaseBuilder.php(2391): CodeIgniter\Database\BaseConnection->query('DELETE FROM `op...', Array, false)
#4 /Applications/mamp/htdocs/gstore/system/Model.php(401): CodeIgniter\Database\BaseBuilder->delete()
#5 /Applications/mamp/htdocs/gstore/system/BaseModel.php(984): CodeIgniter\Model->doDelete(NULL, false)
#6 /Applications/mamp/htdocs/gstore/app/Controllers/Admin/Productos.php(300): CodeIgniter\BaseModel->delete()
#7 /Applications/mamp/htdocs/gstore/system/CodeIgniter.php(927): App\Controllers\Admin\Productos->delete('6')
#8 /Applications/mamp/htdocs/gstore/system/CodeIgniter.php(482): CodeIgniter\CodeIgniter->runController(Object(App\Controllers\Admin\Productos))
#9 /Applications/mamp/htdocs/gstore/system/CodeIgniter.php(351): CodeIgniter\CodeIgniter->handleRequest(NULL, Object(Config\Cache), false)
#10 /Applications/mamp/htdocs/gstore/index.php(67): CodeIgniter\CodeIgniter->run()
#11 {main}
CRITICAL - 2024-02-29 19:37:35 --> Cannot delete or update a parent row: a foreign key constraint fails (`db_gstore`.`productos_venta`, CONSTRAINT `productos_venta_ibfk_1` FOREIGN KEY (`id_opcion_pr`) REFERENCES `opciones_producto` (`id`))
in SYSTEMPATH/Database/MySQLi/Connection.php on line 292.
 1 SYSTEMPATH/Database/MySQLi/Connection.php(292): mysqli->query('DELETE FROM `opciones_producto`
WHERE `id_producto` = \'6\'', 0)
 2 SYSTEMPATH/Database/BaseConnection.php(666): CodeIgniter\Database\MySQLi\Connection->execute('DELETE FROM `opciones_producto`
WHERE `id_producto` = \'6\'')
 3 SYSTEMPATH/Database/BaseConnection.php(593): CodeIgniter\Database\BaseConnection->simpleQuery('DELETE FROM `opciones_producto`
WHERE `id_producto` = \'6\'')
 4 SYSTEMPATH/Database/BaseBuilder.php(2391): CodeIgniter\Database\BaseConnection->query('DELETE FROM `opciones_producto`
WHERE `id_producto` = :id_producto:', [...], false)
 5 SYSTEMPATH/Model.php(401): CodeIgniter\Database\BaseBuilder->delete()
 6 SYSTEMPATH/BaseModel.php(984): CodeIgniter\Model->doDelete(null, false)
 7 APPPATH/Controllers/Admin/Productos.php(300): CodeIgniter\BaseModel->delete()
 8 SYSTEMPATH/CodeIgniter.php(927): App\Controllers\Admin\Productos->delete('6')
 9 SYSTEMPATH/CodeIgniter.php(482): CodeIgniter\CodeIgniter->runController(Object(App\Controllers\Admin\Productos))
10 SYSTEMPATH/CodeIgniter.php(351): CodeIgniter\CodeIgniter->handleRequest(null, Object(Config\Cache), false)
11 FCPATH/index.php(67): CodeIgniter\CodeIgniter->run()
CRITICAL - 2024-02-29 19:44:30 --> Call to undefined method App\Models\ProductosModel::group_start
in SYSTEMPATH/Model.php on line 774.
 1 APPPATH/Controllers/Admin/Productos.php(46): CodeIgniter\Model->__call('group_start', [])
 2 SYSTEMPATH/CodeIgniter.php(927): App\Controllers\Admin\Productos->index()
 3 SYSTEMPATH/CodeIgniter.php(482): CodeIgniter\CodeIgniter->runController(Object(App\Controllers\Admin\Productos))
 4 SYSTEMPATH/CodeIgniter.php(351): CodeIgniter\CodeIgniter->handleRequest(null, Object(Config\Cache), false)
 5 FCPATH/index.php(67): CodeIgniter\CodeIgniter->run()
ERROR - 2024-02-29 19:46:11 --> mysqli_sql_exception: Column 'estado' in where clause is ambiguous in /Applications/mamp/htdocs/gstore/system/Database/MySQLi/Connection.php:292
Stack trace:
#0 /Applications/mamp/htdocs/gstore/system/Database/MySQLi/Connection.php(292): mysqli->query('SELECT COUNT(*)...', 0)
#1 /Applications/mamp/htdocs/gstore/system/Database/BaseConnection.php(666): CodeIgniter\Database\MySQLi\Connection->execute('SELECT COUNT(*)...')
#2 /Applications/mamp/htdocs/gstore/system/Database/BaseConnection.php(593): CodeIgniter\Database\BaseConnection->simpleQuery('SELECT COUNT(*)...')
#3 /Applications/mamp/htdocs/gstore/system/Database/BaseBuilder.php(1669): CodeIgniter\Database\BaseConnection->query('SELECT COUNT(*)...', Array, false)
#4 /Applications/mamp/htdocs/gstore/system/Model.php(551): CodeIgniter\Database\BaseBuilder->countAllResults(false)
#5 /Applications/mamp/htdocs/gstore/system/BaseModel.php(1106): CodeIgniter\Model->countAllResults(false)
#6 /Applications/mamp/htdocs/gstore/app/Controllers/Admin/Productos.php(55): CodeIgniter\BaseModel->paginate(15)
#7 /Applications/mamp/htdocs/gstore/system/CodeIgniter.php(927): App\Controllers\Admin\Productos->index()
#8 /Applications/mamp/htdocs/gstore/system/CodeIgniter.php(482): CodeIgniter\CodeIgniter->runController(Object(App\Controllers\Admin\Productos))
#9 /Applications/mamp/htdocs/gstore/system/CodeIgniter.php(351): CodeIgniter\CodeIgniter->handleRequest(NULL, Object(Config\Cache), false)
#10 /Applications/mamp/htdocs/gstore/index.php(67): CodeIgniter\CodeIgniter->run()
#11 {main}
CRITICAL - 2024-02-29 19:46:11 --> Column 'estado' in where clause is ambiguous
in SYSTEMPATH/Database/MySQLi/Connection.php on line 292.
 1 SYSTEMPATH/Database/MySQLi/Connection.php(292): mysqli->query('SELECT COUNT(*) AS `numrows`
FROM `productos`
JOIN `marcas` ON `marcas`.`id`=`marca`
JOIN `categorias_productos` ON `categorias_productos`.`id`=`id_categoria`
WHERE   (
`productos`.`nombre` LIKE \'%producto%\' ESCAPE \'!\'
OR  `categorias_productos`.`nombre` LIKE \'%producto%\' ESCAPE \'!\'
OR  `marcas`.`nombre` LIKE \'%producto%\' ESCAPE \'!\'
 )
AND `estado` < 3', 0)
 2 SYSTEMPATH/Database/BaseConnection.php(666): CodeIgniter\Database\MySQLi\Connection->execute('SELECT COUNT(*) AS `numrows`
FROM `productos`
JOIN `marcas` ON `marcas`.`id`=`marca`
JOIN `categorias_productos` ON `categorias_productos`.`id`=`id_categoria`
WHERE   (
`productos`.`nombre` LIKE \'%producto%\' ESCAPE \'!\'
OR  `categorias_productos`.`nombre` LIKE \'%producto%\' ESCAPE \'!\'
OR  `marcas`.`nombre` LIKE \'%producto%\' ESCAPE \'!\'
 )
AND `estado` < 3')
 3 SYSTEMPATH/Database/BaseConnection.php(593): CodeIgniter\Database\BaseConnection->simpleQuery('SELECT COUNT(*) AS `numrows`
FROM `productos`
JOIN `marcas` ON `marcas`.`id`=`marca`
JOIN `categorias_productos` ON `categorias_productos`.`id`=`id_categoria`
WHERE   (
`productos`.`nombre` LIKE \'%producto%\' ESCAPE \'!\'
OR  `categorias_productos`.`nombre` LIKE \'%producto%\' ESCAPE \'!\'
OR  `marcas`.`nombre` LIKE \'%producto%\' ESCAPE \'!\'
 )
AND `estado` < 3')
 4 SYSTEMPATH/Database/BaseBuilder.php(1669): CodeIgniter\Database\BaseConnection->query('SELECT COUNT(*) AS `numrows`
FROM `productos`
JOIN `marcas` ON `marcas`.`id`=`marca`
JOIN `categorias_productos` ON `categorias_productos`.`id`=`id_categoria`
WHERE   (
`productos`.`nombre` LIKE :productos.nombre: ESCAPE \'!\'
OR  `categorias_productos`.`nombre` LIKE :categorias_productos.nombre: ESCAPE \'!\'
OR  `marcas`.`nombre` LIKE :marcas.nombre: ESCAPE \'!\'
 )
AND `estado` < 3', [...], false)
 5 SYSTEMPATH/Model.php(551): CodeIgniter\Database\BaseBuilder->countAllResults(false)
 6 SYSTEMPATH/BaseModel.php(1106): CodeIgniter\Model->countAllResults(false)
 7 APPPATH/Controllers/Admin/Productos.php(55): CodeIgniter\BaseModel->paginate(15)
 8 SYSTEMPATH/CodeIgniter.php(927): App\Controllers\Admin\Productos->index()
 9 SYSTEMPATH/CodeIgniter.php(482): CodeIgniter\CodeIgniter->runController(Object(App\Controllers\Admin\Productos))
10 SYSTEMPATH/CodeIgniter.php(351): CodeIgniter\CodeIgniter->handleRequest(null, Object(Config\Cache), false)
11 FCPATH/index.php(67): CodeIgniter\CodeIgniter->run()
