CRITICAL - 2023-12-07 17:32:55 --> syntax error, unexpected '$this' (T_VARIABLE)
in APPPATH/Controllers/Admin/Productos.php on line 95.
 1 SYSTEMPATH/Autoloader/Autoloader.php(259): CodeIgniter\Autoloader\Autoloader->includeFile('APPPATH/Controllers/Admin/Productos.php')
 2 SYSTEMPATH/Autoloader/Autoloader.php(237): CodeIgniter\Autoloader\Autoloader->loadInNamespace('App\\Controllers\\Admin\\Productos')
 3 [internal function]: CodeIgniter\Autoloader\Autoloader->loadClass('App\\Controllers\\Admin\\Productos')
 4 [internal function]: spl_autoload_call('App\\Controllers\\Admin\\Productos')
 5 SYSTEMPATH/CodeIgniter.php(877): class_exists('\\App\\Controllers\\Admin\\Productos', true)
 6 SYSTEMPATH/CodeIgniter.php(469): CodeIgniter\CodeIgniter->startController()
 7 SYSTEMPATH/CodeIgniter.php(351): CodeIgniter\CodeIgniter->handleRequest(null, Object(Config\Cache), false)
 8 FCPATH/index.php(67): CodeIgniter\CodeIgniter->run()
CRITICAL - 2023-12-07 17:47:49 --> syntax error, unexpected '<', expecting ')'
in APPPATH/Views/admin/productos/edit.php on line 41.
 1 SYSTEMPATH/View/View.php(216): CodeIgniter\View\View->CodeIgniter\View\{closure}()
 2 SYSTEMPATH/Common.php(1134): CodeIgniter\View\View->render('admin/productos/edit', [], true)
 3 APPPATH/Controllers/Admin/Productos.php(124): view('admin/productos/edit', [...])
 4 SYSTEMPATH/CodeIgniter.php(927): App\Controllers\Admin\Productos->edit('6')
 5 SYSTEMPATH/CodeIgniter.php(482): CodeIgniter\CodeIgniter->runController(Object(App\Controllers\Admin\Productos))
 6 SYSTEMPATH/CodeIgniter.php(351): CodeIgniter\CodeIgniter->handleRequest(null, Object(Config\Cache), false)
 7 FCPATH/index.php(67): CodeIgniter\CodeIgniter->run()
CRITICAL - 2023-12-07 17:51:30 --> Invalid argument supplied for foreach()
in APPPATH/Views/admin/productos/edit.php on line 141.
 1 APPPATH/Views/admin/productos/edit.php(141): CodeIgniter\Debug\Exceptions->errorHandler(2, 'Invalid argument supplied for foreach()', 'APPPATH/Views/admin/productos/edit.php', 141, [...])
 2 SYSTEMPATH/View/View.php(213): include('APPPATH/Views/admin/productos/edit.php')
 3 SYSTEMPATH/View/View.php(216): CodeIgniter\View\View->CodeIgniter\View\{closure}()
 4 SYSTEMPATH/Common.php(1134): CodeIgniter\View\View->render('admin/productos/edit', [], true)
 5 APPPATH/Controllers/Admin/Productos.php(124): view('admin/productos/edit', [...])
 6 SYSTEMPATH/CodeIgniter.php(927): App\Controllers\Admin\Productos->edit('6')
 7 SYSTEMPATH/CodeIgniter.php(482): CodeIgniter\CodeIgniter->runController(Object(App\Controllers\Admin\Productos))
 8 SYSTEMPATH/CodeIgniter.php(351): CodeIgniter\CodeIgniter->handleRequest(null, Object(Config\Cache), false)
 9 FCPATH/index.php(67): CodeIgniter\CodeIgniter->run()
CRITICAL - 2023-12-07 17:53:42 --> Invalid argument supplied for foreach()
in APPPATH/Views/admin/productos/edit.php on line 141.
 1 APPPATH/Views/admin/productos/edit.php(141): CodeIgniter\Debug\Exceptions->errorHandler(2, 'Invalid argument supplied for foreach()', 'APPPATH/Views/admin/productos/edit.php', 141, [...])
 2 SYSTEMPATH/View/View.php(213): include('APPPATH/Views/admin/productos/edit.php')
 3 SYSTEMPATH/View/View.php(216): CodeIgniter\View\View->CodeIgniter\View\{closure}()
 4 SYSTEMPATH/Common.php(1134): CodeIgniter\View\View->render('admin/productos/edit', [], true)
 5 APPPATH/Controllers/Admin/Productos.php(124): view('admin/productos/edit', [...])
 6 SYSTEMPATH/CodeIgniter.php(927): App\Controllers\Admin\Productos->edit('6')
 7 SYSTEMPATH/CodeIgniter.php(482): CodeIgniter\CodeIgniter->runController(Object(App\Controllers\Admin\Productos))
 8 SYSTEMPATH/CodeIgniter.php(351): CodeIgniter\CodeIgniter->handleRequest(null, Object(Config\Cache), false)
 9 FCPATH/index.php(67): CodeIgniter\CodeIgniter->run()
