CRITICAL - 2024-02-27 15:37:03 --> Class 'App\Models\EtiquetasModel' not found
in APPPATH/Controllers/Admin/Etiquetas.php on line 27.
 1 SYSTEMPATH/CodeIgniter.php(889): App\Controllers\Admin\Etiquetas->__Construct()
 2 SYSTEMPATH/CodeIgniter.php(473): CodeIgniter\CodeIgniter->createController()
 3 SYSTEMPATH/CodeIgniter.php(351): CodeIgniter\CodeIgniter->handleRequest(null, Object(Config\Cache), false)
 4 FCPATH/index.php(67): CodeIgniter\CodeIgniter->run()
CRITICAL - 2024-02-27 15:37:53 --> Undefined variable: categorias
in APPPATH/Views/admin/etiquetas/index.php on line 40.
 1 APPPATH/Views/admin/etiquetas/index.php(40): CodeIgniter\Debug\Exceptions->errorHandler(8, 'Undefined variable: categorias', 'APPPATH/Views/admin/etiquetas/index.php', 40, [...])
 2 SYSTEMPATH/View/View.php(213): include('APPPATH/Views/admin/etiquetas/index.php')
 3 SYSTEMPATH/View/View.php(216): CodeIgniter\View\View->CodeIgniter\View\{closure}()
 4 SYSTEMPATH/Common.php(1134): CodeIgniter\View\View->render('admin/etiquetas/index', [], true)
 5 APPPATH/Controllers/Admin/Etiquetas.php(35): view('admin/etiquetas/index', [...])
 6 SYSTEMPATH/CodeIgniter.php(927): App\Controllers\Admin\Etiquetas->index()
 7 SYSTEMPATH/CodeIgniter.php(482): CodeIgniter\CodeIgniter->runController(Object(App\Controllers\Admin\Etiquetas))
 8 SYSTEMPATH/CodeIgniter.php(351): CodeIgniter\CodeIgniter->handleRequest(null, Object(Config\Cache), false)
 9 FCPATH/index.php(67): CodeIgniter\CodeIgniter->run()
CRITICAL - 2024-02-27 15:40:29 --> Undefined variable: etiqetas
in APPPATH/Views/admin/etiquetas/index.php on line 38.
 1 APPPATH/Views/admin/etiquetas/index.php(38): CodeIgniter\Debug\Exceptions->errorHandler(8, 'Undefined variable: etiqetas', 'APPPATH/Views/admin/etiquetas/index.php', 38, [...])
 2 SYSTEMPATH/View/View.php(213): include('APPPATH/Views/admin/etiquetas/index.php')
 3 SYSTEMPATH/View/View.php(216): CodeIgniter\View\View->CodeIgniter\View\{closure}()
 4 SYSTEMPATH/Common.php(1134): CodeIgniter\View\View->render('admin/etiquetas/index', [], true)
 5 APPPATH/Controllers/Admin/Etiquetas.php(35): view('admin/etiquetas/index', [...])
 6 SYSTEMPATH/CodeIgniter.php(927): App\Controllers\Admin\Etiquetas->index()
 7 SYSTEMPATH/CodeIgniter.php(482): CodeIgniter\CodeIgniter->runController(Object(App\Controllers\Admin\Etiquetas))
 8 SYSTEMPATH/CodeIgniter.php(351): CodeIgniter\CodeIgniter->handleRequest(null, Object(Config\Cache), false)
 9 FCPATH/index.php(67): CodeIgniter\CodeIgniter->run()
CRITICAL - 2024-02-27 18:44:54 --> Call to a member function isValid() on null
in APPPATH/Controllers/Admin/Etiquetas.php on line 54.
 1 SYSTEMPATH/CodeIgniter.php(927): App\Controllers\Admin\Etiquetas->save()
 2 SYSTEMPATH/CodeIgniter.php(482): CodeIgniter\CodeIgniter->runController(Object(App\Controllers\Admin\Etiquetas))
 3 SYSTEMPATH/CodeIgniter.php(351): CodeIgniter\CodeIgniter->handleRequest(null, Object(Config\Cache), false)
 4 FCPATH/index.php(67): CodeIgniter\CodeIgniter->run()
CRITICAL - 2024-02-27 18:48:53 --> Call to a member function isValid() on null
in APPPATH/Controllers/Admin/Etiquetas.php on line 54.
 1 SYSTEMPATH/CodeIgniter.php(927): App\Controllers\Admin\Etiquetas->save()
 2 SYSTEMPATH/CodeIgniter.php(482): CodeIgniter\CodeIgniter->runController(Object(App\Controllers\Admin\Etiquetas))
 3 SYSTEMPATH/CodeIgniter.php(351): CodeIgniter\CodeIgniter->handleRequest(null, Object(Config\Cache), false)
 4 FCPATH/index.php(67): CodeIgniter\CodeIgniter->run()
ERROR - 2024-02-27 20:09:07 --> mysqli_sql_exception: Cannot add or update a child row: a foreign key constraint fails (`db_gstore`.`productos_etiqueta`, CONSTRAINT `productos_etiqueta_ibfk_2` FOREIGN KEY (`id_producto`) REFERENCES `productos` (`id`)) in /Applications/mamp/htdocs/gstore/system/Database/MySQLi/Connection.php:292
Stack trace:
#0 /Applications/mamp/htdocs/gstore/system/Database/MySQLi/Connection.php(292): mysqli->query('INSERT INTO `pr...', 0)
#1 /Applications/mamp/htdocs/gstore/system/Database/BaseConnection.php(666): CodeIgniter\Database\MySQLi\Connection->execute('INSERT INTO `pr...')
#2 /Applications/mamp/htdocs/gstore/system/Database/BaseConnection.php(593): CodeIgniter\Database\BaseConnection->simpleQuery('INSERT INTO `pr...')
#3 /Applications/mamp/htdocs/gstore/system/Database/BaseBuilder.php(1916): CodeIgniter\Database\BaseConnection->query('INSERT INTO `pr...', Array, false)
#4 /Applications/mamp/htdocs/gstore/system/Model.php(279): CodeIgniter\Database\BaseBuilder->insert()
#5 /Applications/mamp/htdocs/gstore/system/BaseModel.php(749): CodeIgniter\Model->doInsert(Array)
#6 /Applications/mamp/htdocs/gstore/system/Model.php(667): CodeIgniter\BaseModel->insert(Array, true)
#7 /Applications/mamp/htdocs/gstore/app/Controllers/Admin/Productos.php(229): CodeIgniter\Model->insert(Array)
#8 /Applications/mamp/htdocs/gstore/system/CodeIgniter.php(927): App\Controllers\Admin\Productos->update()
#9 /Applications/mamp/htdocs/gstore/system/CodeIgniter.php(482): CodeIgniter\CodeIgniter->runController(Object(App\Controllers\Admin\Productos))
#10 /Applications/mamp/htdocs/gstore/system/CodeIgniter.php(351): CodeIgniter\CodeIgniter->handleRequest(NULL, Object(Config\Cache), false)
#11 /Applications/mamp/htdocs/gstore/index.php(67): CodeIgniter\CodeIgniter->run()
#12 {main}
CRITICAL - 2024-02-27 20:09:07 --> Cannot add or update a child row: a foreign key constraint fails (`db_gstore`.`productos_etiqueta`, CONSTRAINT `productos_etiqueta_ibfk_2` FOREIGN KEY (`id_producto`) REFERENCES `productos` (`id`))
in SYSTEMPATH/Database/MySQLi/Connection.php on line 292.
 1 SYSTEMPATH/Database/MySQLi/Connection.php(292): mysqli->query('INSERT INTO `productos_etiqueta` (`id_producto`, `id_etiqueta`) VALUES (0, \'3\')', 0)
 2 SYSTEMPATH/Database/BaseConnection.php(666): CodeIgniter\Database\MySQLi\Connection->execute('INSERT INTO `productos_etiqueta` (`id_producto`, `id_etiqueta`) VALUES (0, \'3\')')
 3 SYSTEMPATH/Database/BaseConnection.php(593): CodeIgniter\Database\BaseConnection->simpleQuery('INSERT INTO `productos_etiqueta` (`id_producto`, `id_etiqueta`) VALUES (0, \'3\')')
 4 SYSTEMPATH/Database/BaseBuilder.php(1916): CodeIgniter\Database\BaseConnection->query('INSERT INTO `productos_etiqueta` (`id_producto`, `id_etiqueta`) VALUES (:id_producto:, :id_etiqueta:)', [...], false)
 5 SYSTEMPATH/Model.php(279): CodeIgniter\Database\BaseBuilder->insert()
 6 SYSTEMPATH/BaseModel.php(749): CodeIgniter\Model->doInsert([...])
 7 SYSTEMPATH/Model.php(667): CodeIgniter\BaseModel->insert([...], true)
 8 APPPATH/Controllers/Admin/Productos.php(229): CodeIgniter\Model->insert([...])
 9 SYSTEMPATH/CodeIgniter.php(927): App\Controllers\Admin\Productos->update()
10 SYSTEMPATH/CodeIgniter.php(482): CodeIgniter\CodeIgniter->runController(Object(App\Controllers\Admin\Productos))
11 SYSTEMPATH/CodeIgniter.php(351): CodeIgniter\CodeIgniter->handleRequest(null, Object(Config\Cache), false)
12 FCPATH/index.php(67): CodeIgniter\CodeIgniter->run()
