ERROR - 2024-04-25 22:51:50 --> mysqli_sql_exception: Cannot delete or update a parent row: a foreign key constraint fails (`db_gstore`.`productos`, CONSTRAINT `productos_ibfk_2` FOREIGN KEY (`marca`) REFERENCES `marcas` (`id`)) in /Applications/mamp/htdocs/gstore/system/Database/MySQLi/Connection.php:292
Stack trace:
#0 /Applications/mamp/htdocs/gstore/system/Database/MySQLi/Connection.php(292): mysqli->query('DELETE FROM `ma...', 0)
#1 /Applications/mamp/htdocs/gstore/system/Database/BaseConnection.php(666): CodeIgniter\Database\MySQLi\Connection->execute('DELETE FROM `ma...')
#2 /Applications/mamp/htdocs/gstore/system/Database/BaseConnection.php(593): CodeIgniter\Database\BaseConnection->simpleQuery('DELETE FROM `ma...')
#3 /Applications/mamp/htdocs/gstore/system/Database/BaseBuilder.php(2391): CodeIgniter\Database\BaseConnection->query('DELETE FROM `ma...', Array, false)
#4 /Applications/mamp/htdocs/gstore/system/Model.php(401): CodeIgniter\Database\BaseBuilder->delete()
#5 /Applications/mamp/htdocs/gstore/system/BaseModel.php(984): CodeIgniter\Model->doDelete(Array, false)
#6 /Applications/mamp/htdocs/gstore/app/Controllers/Admin/Marcas.php(163): CodeIgniter\BaseModel->delete(Array)
#7 /Applications/mamp/htdocs/gstore/system/CodeIgniter.php(927): App\Controllers\Admin\Marcas->delete('7')
#8 /Applications/mamp/htdocs/gstore/system/CodeIgniter.php(482): CodeIgniter\CodeIgniter->runController(Object(App\Controllers\Admin\Marcas))
#9 /Applications/mamp/htdocs/gstore/system/CodeIgniter.php(351): CodeIgniter\CodeIgniter->handleRequest(NULL, Object(Config\Cache), false)
#10 /Applications/mamp/htdocs/gstore/index.php(67): CodeIgniter\CodeIgniter->run()
#11 {main}
CRITICAL - 2024-04-25 22:51:50 --> Cannot delete or update a parent row: a foreign key constraint fails (`db_gstore`.`productos`, CONSTRAINT `productos_ibfk_2` FOREIGN KEY (`marca`) REFERENCES `marcas` (`id`))
in SYSTEMPATH/Database/MySQLi/Connection.php on line 292.
 1 SYSTEMPATH/Database/MySQLi/Connection.php(292): mysqli->query('DELETE FROM `marcas`
WHERE `id` IN (\'7\')', 0)
 2 SYSTEMPATH/Database/BaseConnection.php(666): CodeIgniter\Database\MySQLi\Connection->execute('DELETE FROM `marcas`
WHERE `id` IN (\'7\')')
 3 SYSTEMPATH/Database/BaseConnection.php(593): CodeIgniter\Database\BaseConnection->simpleQuery('DELETE FROM `marcas`
WHERE `id` IN (\'7\')')
 4 SYSTEMPATH/Database/BaseBuilder.php(2391): CodeIgniter\Database\BaseConnection->query('DELETE FROM `marcas`
WHERE `id` IN :id:', [...], false)
 5 SYSTEMPATH/Model.php(401): CodeIgniter\Database\BaseBuilder->delete()
 6 SYSTEMPATH/BaseModel.php(984): CodeIgniter\Model->doDelete([...], false)
 7 APPPATH/Controllers/Admin/Marcas.php(163): CodeIgniter\BaseModel->delete([...])
 8 SYSTEMPATH/CodeIgniter.php(927): App\Controllers\Admin\Marcas->delete('7')
 9 SYSTEMPATH/CodeIgniter.php(482): CodeIgniter\CodeIgniter->runController(Object(App\Controllers\Admin\Marcas))
10 SYSTEMPATH/CodeIgniter.php(351): CodeIgniter\CodeIgniter->handleRequest(null, Object(Config\Cache), false)
11 FCPATH/index.php(67): CodeIgniter\CodeIgniter->run()
CRITICAL - 2024-04-25 23:20:16 --> There is no data to update.
in SYSTEMPATH/BaseModel.php on line 867.
 1 SYSTEMPATH/BaseModel.php(867): CodeIgniter\Database\Exceptions\DataException::forEmptyDataset('update')
 2 SYSTEMPATH/Model.php(693): CodeIgniter\BaseModel->update(null, [])
 3 APPPATH/Controllers/Admin/Marcas.php(164): CodeIgniter\Model->update()
 4 SYSTEMPATH/CodeIgniter.php(927): App\Controllers\Admin\Marcas->delete('7')
 5 SYSTEMPATH/CodeIgniter.php(482): CodeIgniter\CodeIgniter->runController(Object(App\Controllers\Admin\Marcas))
 6 SYSTEMPATH/CodeIgniter.php(351): CodeIgniter\CodeIgniter->handleRequest(null, Object(Config\Cache), false)
 7 FCPATH/index.php(67): CodeIgniter\CodeIgniter->run()
CRITICAL - 2024-04-25 23:22:25 --> There is no data to update.
in SYSTEMPATH/BaseModel.php on line 867.
 1 SYSTEMPATH/BaseModel.php(867): CodeIgniter\Database\Exceptions\DataException::forEmptyDataset('update')
 2 SYSTEMPATH/Model.php(693): CodeIgniter\BaseModel->update(null, [])
 3 APPPATH/Controllers/Admin/Marcas.php(164): CodeIgniter\Model->update()
 4 SYSTEMPATH/CodeIgniter.php(927): App\Controllers\Admin\Marcas->delete('7')
 5 SYSTEMPATH/CodeIgniter.php(482): CodeIgniter\CodeIgniter->runController(Object(App\Controllers\Admin\Marcas))
 6 SYSTEMPATH/CodeIgniter.php(351): CodeIgniter\CodeIgniter->handleRequest(null, Object(Config\Cache), false)
 7 FCPATH/index.php(67): CodeIgniter\CodeIgniter->run()
CRITICAL - 2024-04-25 23:46:08 --> Undefined variable: cat_ar
in APPPATH/Views/admin/secciones/edit.php on line 95.
 1 APPPATH/Views/admin/secciones/edit.php(95): CodeIgniter\Debug\Exceptions->errorHandler(8, 'Undefined variable: cat_ar', 'APPPATH/Views/admin/secciones/edit.php', 95, [...])
 2 SYSTEMPATH/View/View.php(213): include('APPPATH/Views/admin/secciones/edit.php')
 3 SYSTEMPATH/View/View.php(216): CodeIgniter\View\View->CodeIgniter\View\{closure}()
 4 SYSTEMPATH/Common.php(1134): CodeIgniter\View\View->render('admin/secciones/edit', [], true)
 5 APPPATH/Controllers/Admin/Secciones.php(173): view('admin/secciones/edit', [...])
 6 SYSTEMPATH/CodeIgniter.php(927): App\Controllers\Admin\Secciones->edit('50')
 7 SYSTEMPATH/CodeIgniter.php(482): CodeIgniter\CodeIgniter->runController(Object(App\Controllers\Admin\Secciones))
 8 SYSTEMPATH/CodeIgniter.php(351): CodeIgniter\CodeIgniter->handleRequest(null, Object(Config\Cache), false)
 9 FCPATH/index.php(67): CodeIgniter\CodeIgniter->run()
CRITICAL - 2024-04-25 23:47:01 --> Undefined variable: cat_ar
in APPPATH/Views/admin/secciones/edit.php on line 95.
 1 APPPATH/Views/admin/secciones/edit.php(95): CodeIgniter\Debug\Exceptions->errorHandler(8, 'Undefined variable: cat_ar', 'APPPATH/Views/admin/secciones/edit.php', 95, [...])
 2 SYSTEMPATH/View/View.php(213): include('APPPATH/Views/admin/secciones/edit.php')
 3 SYSTEMPATH/View/View.php(216): CodeIgniter\View\View->CodeIgniter\View\{closure}()
 4 SYSTEMPATH/Common.php(1134): CodeIgniter\View\View->render('admin/secciones/edit', [], true)
 5 APPPATH/Controllers/Admin/Secciones.php(184): view('admin/secciones/edit', [...])
 6 SYSTEMPATH/CodeIgniter.php(927): App\Controllers\Admin\Secciones->edit('50')
 7 SYSTEMPATH/CodeIgniter.php(482): CodeIgniter\CodeIgniter->runController(Object(App\Controllers\Admin\Secciones))
 8 SYSTEMPATH/CodeIgniter.php(351): CodeIgniter\CodeIgniter->handleRequest(null, Object(Config\Cache), false)
 9 FCPATH/index.php(67): CodeIgniter\CodeIgniter->run()
CRITICAL - 2024-04-25 23:47:10 --> Undefined variable: cat_ar
in APPPATH/Views/admin/secciones/edit.php on line 95.
 1 APPPATH/Views/admin/secciones/edit.php(95): CodeIgniter\Debug\Exceptions->errorHandler(8, 'Undefined variable: cat_ar', 'APPPATH/Views/admin/secciones/edit.php', 95, [...])
 2 SYSTEMPATH/View/View.php(213): include('APPPATH/Views/admin/secciones/edit.php')
 3 SYSTEMPATH/View/View.php(216): CodeIgniter\View\View->CodeIgniter\View\{closure}()
 4 SYSTEMPATH/Common.php(1134): CodeIgniter\View\View->render('admin/secciones/edit', [], true)
 5 APPPATH/Controllers/Admin/Secciones.php(184): view('admin/secciones/edit', [...])
 6 SYSTEMPATH/CodeIgniter.php(927): App\Controllers\Admin\Secciones->edit('50')
 7 SYSTEMPATH/CodeIgniter.php(482): CodeIgniter\CodeIgniter->runController(Object(App\Controllers\Admin\Secciones))
 8 SYSTEMPATH/CodeIgniter.php(351): CodeIgniter\CodeIgniter->handleRequest(null, Object(Config\Cache), false)
 9 FCPATH/index.php(67): CodeIgniter\CodeIgniter->run()
CRITICAL - 2024-04-25 23:47:47 --> syntax error, unexpected '$data' (T_VARIABLE)
in APPPATH/Controllers/Admin/Secciones.php on line 170.
 1 SYSTEMPATH/Autoloader/Autoloader.php(259): CodeIgniter\Autoloader\Autoloader->includeFile('APPPATH/Controllers/Admin/Secciones.php')
 2 SYSTEMPATH/Autoloader/Autoloader.php(237): CodeIgniter\Autoloader\Autoloader->loadInNamespace('App\\Controllers\\Admin\\Secciones')
 3 [internal function]: CodeIgniter\Autoloader\Autoloader->loadClass('App\\Controllers\\Admin\\Secciones')
 4 [internal function]: spl_autoload_call('App\\Controllers\\Admin\\Secciones')
 5 SYSTEMPATH/CodeIgniter.php(877): class_exists('\\App\\Controllers\\Admin\\Secciones', true)
 6 SYSTEMPATH/CodeIgniter.php(469): CodeIgniter\CodeIgniter->startController()
 7 SYSTEMPATH/CodeIgniter.php(351): CodeIgniter\CodeIgniter->handleRequest(null, Object(Config\Cache), false)
 8 FCPATH/index.php(67): CodeIgniter\CodeIgniter->run()
